# JRE version: OpenJDK Runtime Environment Temurin-11.0.15+10 (11.0.15+10) (build 11.0.15+10)
# Java VM: OpenJDK 64-Bit Server VM Temurin-11.0.15+10 (11.0.15+10, mixed mode, tiered, compressed oops, g1 gc, windows-amd64)
Heap:
 garbage-first heap   total 315392K, used 191739K [0x0000000701200000, 0x0000000800000000)
  region size 1024K, 182 young (186368K), 17 survivors (17408K)
 Metaspace       used 65959K, capacity 67508K, committed 67840K, reserved 1107968K
  class space    used 8207K, capacity 8850K, committed 8960K, reserved 1048576K
GC Heap History (11 events):
Event: 0.350 GC heap before
{Heap before GC invocations=0 (full 0):
 garbage-first heap   total 262144K, used 25600K [0x0000000701200000, 0x0000000800000000)
  region size 1024K, 24 young (24576K), 0 survivors (0K)
 Metaspace       used 11994K, capacity 12243K, committed 12288K, reserved 1060864K
  class space    used 1159K, capacity 1237K, committed 1280K, reserved 1048576K
}
Event: 0.353 GC heap after
{Heap after GC invocations=1 (full 0):
 garbage-first heap   total 262144K, used 7123K [0x0000000701200000, 0x0000000800000000)
  region size 1024K, 3 young (3072K), 3 survivors (3072K)
 Metaspace       used 11994K, capacity 12243K, committed 12288K, reserved 1060864K
  class space    used 1159K, capacity 1237K, committed 1280K, reserved 1048576K
}
Event: 0.680 GC heap before
{Heap before GC invocations=1 (full 0):
 garbage-first heap   total 262144K, used 48083K [0x0000000701200000, 0x0000000800000000)
  region size 1024K, 44 young (45056K), 3 survivors (3072K)
 Metaspace       used 20552K, capacity 21096K, committed 21248K, reserved 1069056K
  class space    used 2223K, capacity 2434K, committed 2560K, reserved 1048576K
}
Event: 0.684 GC heap after
{Heap after GC invocations=2 (full 0):
 garbage-first heap   total 262144K, used 8974K [0x0000000701200000, 0x0000000800000000)
  region size 1024K, 5 young (5120K), 5 survivors (5120K)
 Metaspace       used 20552K, capacity 21096K, committed 21248K, reserved 1069056K
  class space    used 2223K, capacity 2434K, committed 2560K, reserved 1048576K
}
Event: 0.960 GC heap before
{Heap before GC invocations=3 (full 0):
 garbage-first heap   total 262144K, used 61198K [0x0000000701200000, 0x0000000800000000)
  region size 1024K, 56 young (57344K), 5 survivors (5120K)
 Metaspace       used 26537K, capacity 27226K, committed 27392K, reserved 1073152K
  class space    used 2958K, capacity 3241K, committed 3328K, reserved 1048576K
}
Event: 0.963 GC heap after
{Heap after GC invocations=4 (full 0):
 garbage-first heap   total 262144K, used 11272K [0x0000000701200000, 0x0000000800000000)
  region size 1024K, 5 young (5120K), 5 survivors (5120K)
 Metaspace       used 26537K, capacity 27226K, committed 27392K, reserved 1073152K
  class space    used 2958K, capacity 3241K, committed 3328K, reserved 1048576K
}
Event: 1.562 GC heap before
{Heap before GC invocations=4 (full 0):
 garbage-first heap   total 262144K, used 80904K [0x0000000701200000, 0x0000000800000000)
  region size 1024K, 74 young (75776K), 5 survivors (5120K)
 Metaspace       used 34797K, capacity 35793K, committed 35840K, reserved 1081344K
  class space    used 4065K, capacity 4463K, committed 4480K, reserved 1048576K
}
Event: 1.566 GC heap after
{Heap after GC invocations=5 (full 0):
 garbage-first heap   total 262144K, used 14894K [0x0000000701200000, 0x0000000800000000)
  region size 1024K, 8 young (8192K), 8 survivors (8192K)
 Metaspace       used 34797K, capacity 35793K, committed 35840K, reserved 1081344K
  class space    used 4065K, capacity 4463K, committed 4480K, reserved 1048576K
}
Event: 2.677 GC heap before
{Heap before GC invocations=6 (full 0):
 garbage-first heap   total 262144K, used 150062K [0x0000000701200000, 0x0000000800000000)
  region size 1024K, 139 young (142336K), 8 survivors (8192K)
 Metaspace       used 58781K, capacity 60085K, committed 60160K, reserved 1101824K
  class space    used 7325K, capacity 7880K, committed 7936K, reserved 1048576K
}
Event: 2.688 GC heap after
{Heap after GC invocations=7 (full 0):
 garbage-first heap   total 315392K, used 22779K [0x0000000701200000, 0x0000000800000000)
  region size 1024K, 14 young (14336K), 14 survivors (14336K)
 Metaspace       used 58781K, capacity 60085K, committed 60160K, reserved 1101824K
  class space    used 7325K, capacity 7880K, committed 7936K, reserved 1048576K
}
Event: 3.519 GC heap before
{Heap before GC invocations=8 (full 0):
 garbage-first heap   total 315392K, used 190715K [0x0000000701200000, 0x0000000800000000)
  region size 1024K, 179 young (183296K), 14 survivors (14336K)
 Metaspace       used 65959K, capacity 67508K, committed 67840K, reserved 1107968K
  class space    used 8207K, capacity 8850K, committed 8960K, reserved 1048576K
}

